  Administrators.cpp
C:\Users\Admin\Documents\MEGAsync\môn học 2021\CẤU TRÚC DỮ LIỆU\BT_giuaki\QUANLYNHANVIEN\BTNhom20_Nhom09\DoAnCTDLDL\User.h(59,9): error C4996: 'strcpy': This function or variable may be unsafe. Consider using strcpy_s instead. To disable deprecation, use _CRT_SECURE_NO_WARNINGS. See online help for details.
C:\Users\Admin\Documents\MEGAsync\môn học 2021\CẤU TRÚC DỮ LIỆU\BT_giuaki\QUANLYNHANVIEN\BTNhom20_Nhom09\DoAnCTDLDL\User.h(70,9): error C4996: 'strcpy': This function or variable may be unsafe. Consider using strcpy_s instead. To disable deprecation, use _CRT_SECURE_NO_WARNINGS. See online help for details.
C:\Users\Admin\Documents\MEGAsync\môn học 2021\CẤU TRÚC DỮ LIỆU\BT_giuaki\QUANLYNHANVIEN\BTNhom20_Nhom09\DoAnCTDLDL\User.h(90,9): error C4996: 'strcpy': This function or variable may be unsafe. Consider using strcpy_s instead. To disable deprecation, use _CRT_SECURE_NO_WARNINGS. See online help for details.
C:\Users\Admin\Documents\MEGAsync\môn học 2021\CẤU TRÚC DỮ LIỆU\BT_giuaki\QUANLYNHANVIEN\BTNhom20_Nhom09\DoAnCTDLDL\User.h(95,9): error C3861: 'textcolor': identifier not found
C:\Users\Admin\Documents\MEGAsync\môn học 2021\CẤU TRÚC DỮ LIỆU\BT_giuaki\QUANLYNHANVIEN\BTNhom20_Nhom09\DoAnCTDLDL\User.h(98,9): error C3861: 'textcolor': identifier not found
C:\Users\Admin\Documents\MEGAsync\môn học 2021\CẤU TRÚC DỮ LIỆU\BT_giuaki\QUANLYNHANVIEN\BTNhom20_Nhom09\DoAnCTDLDL\User.h(100,9): error C3861: 'textcolor': identifier not found
C:\Users\Admin\Documents\MEGAsync\môn học 2021\CẤU TRÚC DỮ LIỆU\BT_giuaki\QUANLYNHANVIEN\BTNhom20_Nhom09\DoAnCTDLDL\User.h(102,9): error C3861: 'textcolor': identifier not found
C:\Users\Admin\Documents\MEGAsync\môn học 2021\CẤU TRÚC DỮ LIỆU\BT_giuaki\QUANLYNHANVIEN\BTNhom20_Nhom09\DoAnCTDLDL\User.h(104,9): error C3861: 'textcolor': identifier not found
C:\Users\Admin\Documents\MEGAsync\môn học 2021\CẤU TRÚC DỮ LIỆU\BT_giuaki\QUANLYNHANVIEN\BTNhom20_Nhom09\DoAnCTDLDL\User.h(106,9): error C3861: 'textcolor': identifier not found
C:\Users\Admin\Documents\MEGAsync\môn học 2021\CẤU TRÚC DỮ LIỆU\BT_giuaki\QUANLYNHANVIEN\BTNhom20_Nhom09\DoAnCTDLDL\User.h(108,9): error C3861: 'textcolor': identifier not found
C:\Users\Admin\Documents\MEGAsync\môn học 2021\CẤU TRÚC DỮ LIỆU\BT_giuaki\QUANLYNHANVIEN\BTNhom20_Nhom09\DoAnCTDLDL\User.h(110,9): error C3861: 'textcolor': identifier not found
  DoAnCTDLDL.cpp
C:\Users\Admin\Documents\MEGAsync\môn học 2021\CẤU TRÚC DỮ LIỆU\BT_giuaki\QUANLYNHANVIEN\BTNhom20_Nhom09\DoAnCTDLDL\User.h(59,9): error C4996: 'strcpy': This function or variable may be unsafe. Consider using strcpy_s instead. To disable deprecation, use _CRT_SECURE_NO_WARNINGS. See online help for details.
C:\Users\Admin\Documents\MEGAsync\môn học 2021\CẤU TRÚC DỮ LIỆU\BT_giuaki\QUANLYNHANVIEN\BTNhom20_Nhom09\DoAnCTDLDL\User.h(70,9): error C4996: 'strcpy': This function or variable may be unsafe. Consider using strcpy_s instead. To disable deprecation, use _CRT_SECURE_NO_WARNINGS. See online help for details.
C:\Users\Admin\Documents\MEGAsync\môn học 2021\CẤU TRÚC DỮ LIỆU\BT_giuaki\QUANLYNHANVIEN\BTNhom20_Nhom09\DoAnCTDLDL\User.h(90,9): error C4996: 'strcpy': This function or variable may be unsafe. Consider using strcpy_s instead. To disable deprecation, use _CRT_SECURE_NO_WARNINGS. See online help for details.
C:\Users\Admin\Documents\MEGAsync\môn học 2021\CẤU TRÚC DỮ LIỆU\BT_giuaki\QUANLYNHANVIEN\BTNhom20_Nhom09\DoAnCTDLDL\User.h(95,9): error C3861: 'textcolor': identifier not found
C:\Users\Admin\Documents\MEGAsync\môn học 2021\CẤU TRÚC DỮ LIỆU\BT_giuaki\QUANLYNHANVIEN\BTNhom20_Nhom09\DoAnCTDLDL\User.h(98,9): error C3861: 'textcolor': identifier not found
C:\Users\Admin\Documents\MEGAsync\môn học 2021\CẤU TRÚC DỮ LIỆU\BT_giuaki\QUANLYNHANVIEN\BTNhom20_Nhom09\DoAnCTDLDL\User.h(100,9): error C3861: 'textcolor': identifier not found
C:\Users\Admin\Documents\MEGAsync\môn học 2021\CẤU TRÚC DỮ LIỆU\BT_giuaki\QUANLYNHANVIEN\BTNhom20_Nhom09\DoAnCTDLDL\User.h(102,9): error C3861: 'textcolor': identifier not found
C:\Users\Admin\Documents\MEGAsync\môn học 2021\CẤU TRÚC DỮ LIỆU\BT_giuaki\QUANLYNHANVIEN\BTNhom20_Nhom09\DoAnCTDLDL\User.h(104,9): error C3861: 'textcolor': identifier not found
C:\Users\Admin\Documents\MEGAsync\môn học 2021\CẤU TRÚC DỮ LIỆU\BT_giuaki\QUANLYNHANVIEN\BTNhom20_Nhom09\DoAnCTDLDL\User.h(106,9): error C3861: 'textcolor': identifier not found
C:\Users\Admin\Documents\MEGAsync\môn học 2021\CẤU TRÚC DỮ LIỆU\BT_giuaki\QUANLYNHANVIEN\BTNhom20_Nhom09\DoAnCTDLDL\User.h(108,9): error C3861: 'textcolor': identifier not found
C:\Users\Admin\Documents\MEGAsync\môn học 2021\CẤU TRÚC DỮ LIỆU\BT_giuaki\QUANLYNHANVIEN\BTNhom20_Nhom09\DoAnCTDLDL\User.h(110,9): error C3861: 'textcolor': identifier not found
C:\Users\Admin\Documents\MEGAsync\môn học 2021\CẤU TRÚC DỮ LIỆU\BT_giuaki\QUANLYNHANVIEN\BTNhom20_Nhom09\DoAnCTDLDL\Administrators.cpp(2,50): error C2084: function 'void Administrators::ReadFile(std::ifstream &)' already has a body
C:\Users\Admin\Documents\MEGAsync\môn học 2021\CẤU TRÚC DỮ LIỆU\BT_giuaki\QUANLYNHANVIEN\BTNhom20_Nhom09\DoAnCTDLDL\Administrators.cpp(2): message : see previous definition of 'ReadFile'
C:\Users\Admin\Documents\MEGAsync\môn học 2021\CẤU TRÚC DỮ LIỆU\BT_giuaki\QUANLYNHANVIEN\BTNhom20_Nhom09\DoAnCTDLDL\Administrators.cpp(5,69): error C2084: function 'void Administrators::CreateFileW(std::ofstream &,char *)' already has a body
C:\Users\Admin\Documents\MEGAsync\môn học 2021\CẤU TRÚC DỮ LIỆU\BT_giuaki\QUANLYNHANVIEN\BTNhom20_Nhom09\DoAnCTDLDL\Administrators.cpp(5): message : see previous definition of 'CreateFileW'
C:\Users\Admin\Documents\MEGAsync\môn học 2021\CẤU TRÚC DỮ LIỆU\BT_giuaki\QUANLYNHANVIEN\BTNhom20_Nhom09\DoAnCTDLDL\Administrators.cpp(8,53): error C2084: function 'bool Administrators::operator ==(Administrators)' already has a body
C:\Users\Admin\Documents\MEGAsync\môn học 2021\CẤU TRÚC DỮ LIỆU\BT_giuaki\QUANLYNHANVIEN\BTNhom20_Nhom09\DoAnCTDLDL\Administrators.cpp(8): message : see previous definition of '=='
C:\Users\Admin\Documents\MEGAsync\môn học 2021\CẤU TRÚC DỮ LIỆU\BT_giuaki\QUANLYNHANVIEN\BTNhom20_Nhom09\DoAnCTDLDL\thuvien.cpp(41,15): error C3861: 'passwordInput': identifier not found
C:\Users\Admin\Documents\MEGAsync\môn học 2021\CẤU TRÚC DỮ LIỆU\BT_giuaki\QUANLYNHANVIEN\BTNhom20_Nhom09\DoAnCTDLDL\thuvien.cpp(100,31): error C3861: 'passwordInput': identifier not found
C:\Users\Admin\Documents\MEGAsync\môn học 2021\CẤU TRÚC DỮ LIỆU\BT_giuaki\QUANLYNHANVIEN\BTNhom20_Nhom09\DoAnCTDLDL\thuvien.cpp(105,27): error C3861: 'passwordInput': identifier not found
C:\Users\Admin\Documents\MEGAsync\môn học 2021\CẤU TRÚC DỮ LIỆU\BT_giuaki\QUANLYNHANVIEN\BTNhom20_Nhom09\DoAnCTDLDL\thuvien.cpp(109,31): error C3861: 'passwordInput': identifier not found
C:\Users\Admin\Documents\MEGAsync\môn học 2021\CẤU TRÚC DỮ LIỆU\BT_giuaki\QUANLYNHANVIEN\BTNhom20_Nhom09\DoAnCTDLDL\thuvien.cpp(131,9): error C3861: 'ThucHienDoiMatKhau': identifier not found
C:\Users\Admin\Documents\MEGAsync\môn học 2021\CẤU TRÚC DỮ LIỆU\BT_giuaki\QUANLYNHANVIEN\BTNhom20_Nhom09\DoAnCTDLDL\thuvien.cpp(170,15): error C3861: 'passwordInput': identifier not found
C:\Users\Admin\Documents\MEGAsync\môn học 2021\CẤU TRÚC DỮ LIỆU\BT_giuaki\QUANLYNHANVIEN\BTNhom20_Nhom09\DoAnCTDLDL\thuvien.cpp(245,9): error C4996: 'strcpy': This function or variable may be unsafe. Consider using strcpy_s instead. To disable deprecation, use _CRT_SECURE_NO_WARNINGS. See online help for details.
C:\Users\Admin\Documents\MEGAsync\môn học 2021\CẤU TRÚC DỮ LIỆU\BT_giuaki\QUANLYNHANVIEN\BTNhom20_Nhom09\DoAnCTDLDL\thuvien.cpp(318,5): error C4996: 'strcpy': This function or variable may be unsafe. Consider using strcpy_s instead. To disable deprecation, use _CRT_SECURE_NO_WARNINGS. See online help for details.
C:\Users\Admin\Documents\MEGAsync\môn học 2021\CẤU TRÚC DỮ LIỆU\BT_giuaki\QUANLYNHANVIEN\BTNhom20_Nhom09\DoAnCTDLDL\thuvien.cpp(338,5): error C4996: 'strcpy': This function or variable may be unsafe. Consider using strcpy_s instead. To disable deprecation, use _CRT_SECURE_NO_WARNINGS. See online help for details.
C:\Users\Admin\Documents\MEGAsync\môn học 2021\CẤU TRÚC DỮ LIỆU\BT_giuaki\QUANLYNHANVIEN\BTNhom20_Nhom09\DoAnCTDLDL\thuvien.cpp(347,5): error C4996: 'getch': The POSIX name for this item is deprecated. Instead, use the ISO C and C++ conformant name: _getch. See online help for details.
C:\Users\Admin\Documents\MEGAsync\môn học 2021\CẤU TRÚC DỮ LIỆU\BT_giuaki\QUANLYNHANVIEN\BTNhom20_Nhom09\DoAnCTDLDL\thuvien.cpp(357,5): error C4996: 'strcpy': This function or variable may be unsafe. Consider using strcpy_s instead. To disable deprecation, use _CRT_SECURE_NO_WARNINGS. See online help for details.
C:\Users\Admin\Documents\MEGAsync\môn học 2021\CẤU TRÚC DỮ LIỆU\BT_giuaki\QUANLYNHANVIEN\BTNhom20_Nhom09\DoAnCTDLDL\thuvien.cpp(405,9): error C4996: 'strcpy': This function or variable may be unsafe. Consider using strcpy_s instead. To disable deprecation, use _CRT_SECURE_NO_WARNINGS. See online help for details.
C:\Users\Admin\Documents\MEGAsync\môn học 2021\CẤU TRÚC DỮ LIỆU\BT_giuaki\QUANLYNHANVIEN\BTNhom20_Nhom09\DoAnCTDLDL\thuvien.cpp(424,13): error C4996: 'strcpy': This function or variable may be unsafe. Consider using strcpy_s instead. To disable deprecation, use _CRT_SECURE_NO_WARNINGS. See online help for details.
C:\Users\Admin\Documents\MEGAsync\môn học 2021\CẤU TRÚC DỮ LIỆU\BT_giuaki\QUANLYNHANVIEN\BTNhom20_Nhom09\DoAnCTDLDL\thuvien.cpp(452,13): error C4996: 'strcpy': This function or variable may be unsafe. Consider using strcpy_s instead. To disable deprecation, use _CRT_SECURE_NO_WARNINGS. See online help for details.
C:\Users\Admin\Documents\MEGAsync\môn học 2021\CẤU TRÚC DỮ LIỆU\BT_giuaki\QUANLYNHANVIEN\BTNhom20_Nhom09\DoAnCTDLDL\thuvien.cpp(480,13): error C4996: 'strcpy': This function or variable may be unsafe. Consider using strcpy_s instead. To disable deprecation, use _CRT_SECURE_NO_WARNINGS. See online help for details.
C:\Users\Admin\Documents\MEGAsync\môn học 2021\CẤU TRÚC DỮ LIỆU\BT_giuaki\QUANLYNHANVIEN\BTNhom20_Nhom09\DoAnCTDLDL\thuvien.cpp(508,13): error C4996: 'strcpy': This function or variable may be unsafe. Consider using strcpy_s instead. To disable deprecation, use _CRT_SECURE_NO_WARNINGS. See online help for details.
C:\Users\Admin\Documents\MEGAsync\môn học 2021\CẤU TRÚC DỮ LIỆU\BT_giuaki\QUANLYNHANVIEN\BTNhom20_Nhom09\DoAnCTDLDL\thuvien.cpp(549,9): error C4996: 'strcpy': This function or variable may be unsafe. Consider using strcpy_s instead. To disable deprecation, use _CRT_SECURE_NO_WARNINGS. See online help for details.
C:\Users\Admin\Documents\MEGAsync\môn học 2021\CẤU TRÚC DỮ LIỆU\BT_giuaki\QUANLYNHANVIEN\BTNhom20_Nhom09\DoAnCTDLDL\thuvien.cpp(570,5): error C4996: 'strcpy': This function or variable may be unsafe. Consider using strcpy_s instead. To disable deprecation, use _CRT_SECURE_NO_WARNINGS. See online help for details.
C:\Users\Admin\Documents\MEGAsync\môn học 2021\CẤU TRÚC DỮ LIỆU\BT_giuaki\QUANLYNHANVIEN\BTNhom20_Nhom09\DoAnCTDLDL\thuvien.cpp(598,5): error C4996: 'strcpy': This function or variable may be unsafe. Consider using strcpy_s instead. To disable deprecation, use _CRT_SECURE_NO_WARNINGS. See online help for details.
C:\Users\Admin\Documents\MEGAsync\môn học 2021\CẤU TRÚC DỮ LIỆU\BT_giuaki\QUANLYNHANVIEN\BTNhom20_Nhom09\DoAnCTDLDL\thuvien.cpp(655,31): error C3861: 'passwordInput': identifier not found
C:\Users\Admin\Documents\MEGAsync\môn học 2021\CẤU TRÚC DỮ LIỆU\BT_giuaki\QUANLYNHANVIEN\BTNhom20_Nhom09\DoAnCTDLDL\thuvien.cpp(660,27): error C3861: 'passwordInput': identifier not found
C:\Users\Admin\Documents\MEGAsync\môn học 2021\CẤU TRÚC DỮ LIỆU\BT_giuaki\QUANLYNHANVIEN\BTNhom20_Nhom09\DoAnCTDLDL\thuvien.cpp(664,31): error C3861: 'passwordInput': identifier not found
C:\Users\Admin\Documents\MEGAsync\môn học 2021\CẤU TRÚC DỮ LIỆU\BT_giuaki\QUANLYNHANVIEN\BTNhom20_Nhom09\DoAnCTDLDL\thuvien.cpp(683,9): error C4996: 'getch': The POSIX name for this item is deprecated. Instead, use the ISO C and C++ conformant name: _getch. See online help for details.
C:\Users\Admin\Documents\MEGAsync\môn học 2021\CẤU TRÚC DỮ LIỆU\BT_giuaki\QUANLYNHANVIEN\BTNhom20_Nhom09\DoAnCTDLDL\thuvien.cpp(749,29): error C4996: 'getch': The POSIX name for this item is deprecated. Instead, use the ISO C and C++ conformant name: _getch. See online help for details.
C:\Users\Admin\Documents\MEGAsync\môn học 2021\CẤU TRÚC DỮ LIỆU\BT_giuaki\QUANLYNHANVIEN\BTNhom20_Nhom09\DoAnCTDLDL\thuvien.cpp(775,33): error C4996: 'getch': The POSIX name for this item is deprecated. Instead, use the ISO C and C++ conformant name: _getch. See online help for details.
C:\Users\Admin\Documents\MEGAsync\môn học 2021\CẤU TRÚC DỮ LIỆU\BT_giuaki\QUANLYNHANVIEN\BTNhom20_Nhom09\DoAnCTDLDL\thuvien.cpp(780,33): error C4996: 'getch': The POSIX name for this item is deprecated. Instead, use the ISO C and C++ conformant name: _getch. See online help for details.
C:\Users\Admin\Documents\MEGAsync\môn học 2021\CẤU TRÚC DỮ LIỆU\BT_giuaki\QUANLYNHANVIEN\BTNhom20_Nhom09\DoAnCTDLDL\thuvien.cpp(808,33): error C4996: 'getch': The POSIX name for this item is deprecated. Instead, use the ISO C and C++ conformant name: _getch. See online help for details.
C:\Users\Admin\Documents\MEGAsync\môn học 2021\CẤU TRÚC DỮ LIỆU\BT_giuaki\QUANLYNHANVIEN\BTNhom20_Nhom09\DoAnCTDLDL\thuvien.cpp(813,33): error C4996: 'getch': The POSIX name for this item is deprecated. Instead, use the ISO C and C++ conformant name: _getch. See online help for details.
C:\Users\Admin\Documents\MEGAsync\môn học 2021\CẤU TRÚC DỮ LIỆU\BT_giuaki\QUANLYNHANVIEN\BTNhom20_Nhom09\DoAnCTDLDL\thuvien.cpp(819,29): error C4996: 'getch': The POSIX name for this item is deprecated. Instead, use the ISO C and C++ conformant name: _getch. See online help for details.
C:\Users\Admin\Documents\MEGAsync\môn học 2021\CẤU TRÚC DỮ LIỆU\BT_giuaki\QUANLYNHANVIEN\BTNhom20_Nhom09\DoAnCTDLDL\thuvien.cpp(824,29): error C4996: 'getch': The POSIX name for this item is deprecated. Instead, use the ISO C and C++ conformant name: _getch. See online help for details.
C:\Users\Admin\Documents\MEGAsync\môn học 2021\CẤU TRÚC DỮ LIỆU\BT_giuaki\QUANLYNHANVIEN\BTNhom20_Nhom09\DoAnCTDLDL\thuvien.cpp(835,29): error C4996: 'getch': The POSIX name for this item is deprecated. Instead, use the ISO C and C++ conformant name: _getch. See online help for details.
C:\Users\Admin\Documents\MEGAsync\môn học 2021\CẤU TRÚC DỮ LIỆU\BT_giuaki\QUANLYNHANVIEN\BTNhom20_Nhom09\DoAnCTDLDL\thuvien.cpp(849,21): error C4996: 'getch': The POSIX name for this item is deprecated. Instead, use the ISO C and C++ conformant name: _getch. See online help for details.
C:\Users\Admin\Documents\MEGAsync\môn học 2021\CẤU TRÚC DỮ LIỆU\BT_giuaki\QUANLYNHANVIEN\BTNhom20_Nhom09\DoAnCTDLDL\thuvien.cpp(854,17): error C4996: 'getch': The POSIX name for this item is deprecated. Instead, use the ISO C and C++ conformant name: _getch. See online help for details.
C:\Users\Admin\Documents\MEGAsync\môn học 2021\CẤU TRÚC DỮ LIỆU\BT_giuaki\QUANLYNHANVIEN\BTNhom20_Nhom09\DoAnCTDLDL\thuvien.cpp(873,21): error C4996: 'getch': The POSIX name for this item is deprecated. Instead, use the ISO C and C++ conformant name: _getch. See online help for details.
C:\Users\Admin\Documents\MEGAsync\môn học 2021\CẤU TRÚC DỮ LIỆU\BT_giuaki\QUANLYNHANVIEN\BTNhom20_Nhom09\DoAnCTDLDL\thuvien.cpp(878,25): error C4996: 'getch': The POSIX name for this item is deprecated. Instead, use the ISO C and C++ conformant name: _getch. See online help for details.
C:\Users\Admin\Documents\MEGAsync\môn học 2021\CẤU TRÚC DỮ LIỆU\BT_giuaki\QUANLYNHANVIEN\BTNhom20_Nhom09\DoAnCTDLDL\thuvien.cpp(881,25): error C4996: 'getch': The POSIX name for this item is deprecated. Instead, use the ISO C and C++ conformant name: _getch. See online help for details.
C:\Users\Admin\Documents\MEGAsync\môn học 2021\CẤU TRÚC DỮ LIỆU\BT_giuaki\QUANLYNHANVIEN\BTNhom20_Nhom09\DoAnCTDLDL\thuvien.cpp(914,29): error C4996: 'getch': The POSIX name for this item is deprecated. Instead, use the ISO C and C++ conformant name: _getch. See online help for details.
C:\Users\Admin\Documents\MEGAsync\môn học 2021\CẤU TRÚC DỮ LIỆU\BT_giuaki\QUANLYNHANVIEN\BTNhom20_Nhom09\DoAnCTDLDL\thuvien.cpp(925,29): error C4996: 'getch': The POSIX name for this item is deprecated. Instead, use the ISO C and C++ conformant name: _getch. See online help for details.
C:\Users\Admin\Documents\MEGAsync\môn học 2021\CẤU TRÚC DỮ LIỆU\BT_giuaki\QUANLYNHANVIEN\BTNhom20_Nhom09\DoAnCTDLDL\thuvien.cpp(938,21): error C4996: 'getch': The POSIX name for this item is deprecated. Instead, use the ISO C and C++ conformant name: _getch. See online help for details.
C:\Users\Admin\Documents\MEGAsync\môn học 2021\CẤU TRÚC DỮ LIỆU\BT_giuaki\QUANLYNHANVIEN\BTNhom20_Nhom09\DoAnCTDLDL\thuvien.cpp(943,17): error C4996: 'getch': The POSIX name for this item is deprecated. Instead, use the ISO C and C++ conformant name: _getch. See online help for details.
C:\Users\Admin\Documents\MEGAsync\môn học 2021\CẤU TRÚC DỮ LIỆU\BT_giuaki\QUANLYNHANVIEN\BTNhom20_Nhom09\DoAnCTDLDL\thuvien.cpp(951,6): error C2084: function 'void textcolor(WORD)' already has a body
C:\Users\Admin\Documents\MEGAsync\môn học 2021\CẤU TRÚC DỮ LIỆU\BT_giuaki\QUANLYNHANVIEN\BTNhom20_Nhom09\DoAnCTDLDL\User.h(114): message : see previous definition of 'textcolor'
C:\Users\Admin\Documents\MEGAsync\môn học 2021\CẤU TRÚC DỮ LIỆU\BT_giuaki\QUANLYNHANVIEN\BTNhom20_Nhom09\DoAnCTDLDL\thuvien.cpp(972,23): error C4996: 'getch': The POSIX name for this item is deprecated. Instead, use the ISO C and C++ conformant name: _getch. See online help for details.
  Employees.cpp
C:\Users\Admin\Documents\MEGAsync\môn học 2021\CẤU TRÚC DỮ LIỆU\BT_giuaki\QUANLYNHANVIEN\BTNhom20_Nhom09\DoAnCTDLDL\User.h(59,9): error C4996: 'strcpy': This function or variable may be unsafe. Consider using strcpy_s instead. To disable deprecation, use _CRT_SECURE_NO_WARNINGS. See online help for details.
C:\Users\Admin\Documents\MEGAsync\môn học 2021\CẤU TRÚC DỮ LIỆU\BT_giuaki\QUANLYNHANVIEN\BTNhom20_Nhom09\DoAnCTDLDL\User.h(70,9): error C4996: 'strcpy': This function or variable may be unsafe. Consider using strcpy_s instead. To disable deprecation, use _CRT_SECURE_NO_WARNINGS. See online help for details.
C:\Users\Admin\Documents\MEGAsync\môn học 2021\CẤU TRÚC DỮ LIỆU\BT_giuaki\QUANLYNHANVIEN\BTNhom20_Nhom09\DoAnCTDLDL\User.h(90,9): error C4996: 'strcpy': This function or variable may be unsafe. Consider using strcpy_s instead. To disable deprecation, use _CRT_SECURE_NO_WARNINGS. See online help for details.
C:\Users\Admin\Documents\MEGAsync\môn học 2021\CẤU TRÚC DỮ LIỆU\BT_giuaki\QUANLYNHANVIEN\BTNhom20_Nhom09\DoAnCTDLDL\User.h(95,9): error C3861: 'textcolor': identifier not found
C:\Users\Admin\Documents\MEGAsync\môn học 2021\CẤU TRÚC DỮ LIỆU\BT_giuaki\QUANLYNHANVIEN\BTNhom20_Nhom09\DoAnCTDLDL\User.h(98,9): error C3861: 'textcolor': identifier not found
C:\Users\Admin\Documents\MEGAsync\môn học 2021\CẤU TRÚC DỮ LIỆU\BT_giuaki\QUANLYNHANVIEN\BTNhom20_Nhom09\DoAnCTDLDL\User.h(100,9): error C3861: 'textcolor': identifier not found
C:\Users\Admin\Documents\MEGAsync\môn học 2021\CẤU TRÚC DỮ LIỆU\BT_giuaki\QUANLYNHANVIEN\BTNhom20_Nhom09\DoAnCTDLDL\User.h(102,9): error C3861: 'textcolor': identifier not found
C:\Users\Admin\Documents\MEGAsync\môn học 2021\CẤU TRÚC DỮ LIỆU\BT_giuaki\QUANLYNHANVIEN\BTNhom20_Nhom09\DoAnCTDLDL\User.h(104,9): error C3861: 'textcolor': identifier not found
C:\Users\Admin\Documents\MEGAsync\môn học 2021\CẤU TRÚC DỮ LIỆU\BT_giuaki\QUANLYNHANVIEN\BTNhom20_Nhom09\DoAnCTDLDL\User.h(106,9): error C3861: 'textcolor': identifier not found
C:\Users\Admin\Documents\MEGAsync\môn học 2021\CẤU TRÚC DỮ LIỆU\BT_giuaki\QUANLYNHANVIEN\BTNhom20_Nhom09\DoAnCTDLDL\User.h(108,9): error C3861: 'textcolor': identifier not found
C:\Users\Admin\Documents\MEGAsync\môn học 2021\CẤU TRÚC DỮ LIỆU\BT_giuaki\QUANLYNHANVIEN\BTNhom20_Nhom09\DoAnCTDLDL\User.h(110,9): error C3861: 'textcolor': identifier not found
  thuvien.cpp
C:\Users\Admin\Documents\MEGAsync\môn học 2021\CẤU TRÚC DỮ LIỆU\BT_giuaki\QUANLYNHANVIEN\BTNhom20_Nhom09\DoAnCTDLDL\User.h(59,9): error C4996: 'strcpy': This function or variable may be unsafe. Consider using strcpy_s instead. To disable deprecation, use _CRT_SECURE_NO_WARNINGS. See online help for details.
C:\Users\Admin\Documents\MEGAsync\môn học 2021\CẤU TRÚC DỮ LIỆU\BT_giuaki\QUANLYNHANVIEN\BTNhom20_Nhom09\DoAnCTDLDL\User.h(70,9): error C4996: 'strcpy': This function or variable may be unsafe. Consider using strcpy_s instead. To disable deprecation, use _CRT_SECURE_NO_WARNINGS. See online help for details.
C:\Users\Admin\Documents\MEGAsync\môn học 2021\CẤU TRÚC DỮ LIỆU\BT_giuaki\QUANLYNHANVIEN\BTNhom20_Nhom09\DoAnCTDLDL\User.h(90,9): error C4996: 'strcpy': This function or variable may be unsafe. Consider using strcpy_s instead. To disable deprecation, use _CRT_SECURE_NO_WARNINGS. See online help for details.
C:\Users\Admin\Documents\MEGAsync\môn học 2021\CẤU TRÚC DỮ LIỆU\BT_giuaki\QUANLYNHANVIEN\BTNhom20_Nhom09\DoAnCTDLDL\User.h(95,9): error C3861: 'textcolor': identifier not found
C:\Users\Admin\Documents\MEGAsync\môn học 2021\CẤU TRÚC DỮ LIỆU\BT_giuaki\QUANLYNHANVIEN\BTNhom20_Nhom09\DoAnCTDLDL\User.h(98,9): error C3861: 'textcolor': identifier not found
C:\Users\Admin\Documents\MEGAsync\môn học 2021\CẤU TRÚC DỮ LIỆU\BT_giuaki\QUANLYNHANVIEN\BTNhom20_Nhom09\DoAnCTDLDL\User.h(100,9): error C3861: 'textcolor': identifier not found
C:\Users\Admin\Documents\MEGAsync\môn học 2021\CẤU TRÚC DỮ LIỆU\BT_giuaki\QUANLYNHANVIEN\BTNhom20_Nhom09\DoAnCTDLDL\User.h(102,9): error C3861: 'textcolor': identifier not found
C:\Users\Admin\Documents\MEGAsync\môn học 2021\CẤU TRÚC DỮ LIỆU\BT_giuaki\QUANLYNHANVIEN\BTNhom20_Nhom09\DoAnCTDLDL\User.h(104,9): error C3861: 'textcolor': identifier not found
C:\Users\Admin\Documents\MEGAsync\môn học 2021\CẤU TRÚC DỮ LIỆU\BT_giuaki\QUANLYNHANVIEN\BTNhom20_Nhom09\DoAnCTDLDL\User.h(106,9): error C3861: 'textcolor': identifier not found
C:\Users\Admin\Documents\MEGAsync\môn học 2021\CẤU TRÚC DỮ LIỆU\BT_giuaki\QUANLYNHANVIEN\BTNhom20_Nhom09\DoAnCTDLDL\User.h(108,9): error C3861: 'textcolor': identifier not found
C:\Users\Admin\Documents\MEGAsync\môn học 2021\CẤU TRÚC DỮ LIỆU\BT_giuaki\QUANLYNHANVIEN\BTNhom20_Nhom09\DoAnCTDLDL\User.h(110,9): error C3861: 'textcolor': identifier not found
C:\Users\Admin\Documents\MEGAsync\môn học 2021\CẤU TRÚC DỮ LIỆU\BT_giuaki\QUANLYNHANVIEN\BTNhom20_Nhom09\DoAnCTDLDL\thuvien.cpp(41,15): error C3861: 'passwordInput': identifier not found
C:\Users\Admin\Documents\MEGAsync\môn học 2021\CẤU TRÚC DỮ LIỆU\BT_giuaki\QUANLYNHANVIEN\BTNhom20_Nhom09\DoAnCTDLDL\thuvien.cpp(100,31): error C3861: 'passwordInput': identifier not found
C:\Users\Admin\Documents\MEGAsync\môn học 2021\CẤU TRÚC DỮ LIỆU\BT_giuaki\QUANLYNHANVIEN\BTNhom20_Nhom09\DoAnCTDLDL\thuvien.cpp(105,27): error C3861: 'passwordInput': identifier not found
C:\Users\Admin\Documents\MEGAsync\môn học 2021\CẤU TRÚC DỮ LIỆU\BT_giuaki\QUANLYNHANVIEN\BTNhom20_Nhom09\DoAnCTDLDL\thuvien.cpp(109,31): error C3861: 'passwordInput': identifier not found
C:\Users\Admin\Documents\MEGAsync\môn học 2021\CẤU TRÚC DỮ LIỆU\BT_giuaki\QUANLYNHANVIEN\BTNhom20_Nhom09\DoAnCTDLDL\thuvien.cpp(131,9): error C3861: 'ThucHienDoiMatKhau': identifier not found
C:\Users\Admin\Documents\MEGAsync\môn học 2021\CẤU TRÚC DỮ LIỆU\BT_giuaki\QUANLYNHANVIEN\BTNhom20_Nhom09\DoAnCTDLDL\thuvien.cpp(170,15): error C3861: 'passwordInput': identifier not found
C:\Users\Admin\Documents\MEGAsync\môn học 2021\CẤU TRÚC DỮ LIỆU\BT_giuaki\QUANLYNHANVIEN\BTNhom20_Nhom09\DoAnCTDLDL\thuvien.cpp(245,9): error C4996: 'strcpy': This function or variable may be unsafe. Consider using strcpy_s instead. To disable deprecation, use _CRT_SECURE_NO_WARNINGS. See online help for details.
C:\Users\Admin\Documents\MEGAsync\môn học 2021\CẤU TRÚC DỮ LIỆU\BT_giuaki\QUANLYNHANVIEN\BTNhom20_Nhom09\DoAnCTDLDL\thuvien.cpp(318,5): error C4996: 'strcpy': This function or variable may be unsafe. Consider using strcpy_s instead. To disable deprecation, use _CRT_SECURE_NO_WARNINGS. See online help for details.
C:\Users\Admin\Documents\MEGAsync\môn học 2021\CẤU TRÚC DỮ LIỆU\BT_giuaki\QUANLYNHANVIEN\BTNhom20_Nhom09\DoAnCTDLDL\thuvien.cpp(338,5): error C4996: 'strcpy': This function or variable may be unsafe. Consider using strcpy_s instead. To disable deprecation, use _CRT_SECURE_NO_WARNINGS. See online help for details.
C:\Users\Admin\Documents\MEGAsync\môn học 2021\CẤU TRÚC DỮ LIỆU\BT_giuaki\QUANLYNHANVIEN\BTNhom20_Nhom09\DoAnCTDLDL\thuvien.cpp(347,5): error C4996: 'getch': The POSIX name for this item is deprecated. Instead, use the ISO C and C++ conformant name: _getch. See online help for details.
C:\Users\Admin\Documents\MEGAsync\môn học 2021\CẤU TRÚC DỮ LIỆU\BT_giuaki\QUANLYNHANVIEN\BTNhom20_Nhom09\DoAnCTDLDL\thuvien.cpp(357,5): error C4996: 'strcpy': This function or variable may be unsafe. Consider using strcpy_s instead. To disable deprecation, use _CRT_SECURE_NO_WARNINGS. See online help for details.
C:\Users\Admin\Documents\MEGAsync\môn học 2021\CẤU TRÚC DỮ LIỆU\BT_giuaki\QUANLYNHANVIEN\BTNhom20_Nhom09\DoAnCTDLDL\thuvien.cpp(405,9): error C4996: 'strcpy': This function or variable may be unsafe. Consider using strcpy_s instead. To disable deprecation, use _CRT_SECURE_NO_WARNINGS. See online help for details.
C:\Users\Admin\Documents\MEGAsync\môn học 2021\CẤU TRÚC DỮ LIỆU\BT_giuaki\QUANLYNHANVIEN\BTNhom20_Nhom09\DoAnCTDLDL\thuvien.cpp(424,13): error C4996: 'strcpy': This function or variable may be unsafe. Consider using strcpy_s instead. To disable deprecation, use _CRT_SECURE_NO_WARNINGS. See online help for details.
C:\Users\Admin\Documents\MEGAsync\môn học 2021\CẤU TRÚC DỮ LIỆU\BT_giuaki\QUANLYNHANVIEN\BTNhom20_Nhom09\DoAnCTDLDL\thuvien.cpp(452,13): error C4996: 'strcpy': This function or variable may be unsafe. Consider using strcpy_s instead. To disable deprecation, use _CRT_SECURE_NO_WARNINGS. See online help for details.
C:\Users\Admin\Documents\MEGAsync\môn học 2021\CẤU TRÚC DỮ LIỆU\BT_giuaki\QUANLYNHANVIEN\BTNhom20_Nhom09\DoAnCTDLDL\thuvien.cpp(480,13): error C4996: 'strcpy': This function or variable may be unsafe. Consider using strcpy_s instead. To disable deprecation, use _CRT_SECURE_NO_WARNINGS. See online help for details.
C:\Users\Admin\Documents\MEGAsync\môn học 2021\CẤU TRÚC DỮ LIỆU\BT_giuaki\QUANLYNHANVIEN\BTNhom20_Nhom09\DoAnCTDLDL\thuvien.cpp(508,13): error C4996: 'strcpy': This function or variable may be unsafe. Consider using strcpy_s instead. To disable deprecation, use _CRT_SECURE_NO_WARNINGS. See online help for details.
C:\Users\Admin\Documents\MEGAsync\môn học 2021\CẤU TRÚC DỮ LIỆU\BT_giuaki\QUANLYNHANVIEN\BTNhom20_Nhom09\DoAnCTDLDL\thuvien.cpp(549,9): error C4996: 'strcpy': This function or variable may be unsafe. Consider using strcpy_s instead. To disable deprecation, use _CRT_SECURE_NO_WARNINGS. See online help for details.
C:\Users\Admin\Documents\MEGAsync\môn học 2021\CẤU TRÚC DỮ LIỆU\BT_giuaki\QUANLYNHANVIEN\BTNhom20_Nhom09\DoAnCTDLDL\thuvien.cpp(570,5): error C4996: 'strcpy': This function or variable may be unsafe. Consider using strcpy_s instead. To disable deprecation, use _CRT_SECURE_NO_WARNINGS. See online help for details.
C:\Users\Admin\Documents\MEGAsync\môn học 2021\CẤU TRÚC DỮ LIỆU\BT_giuaki\QUANLYNHANVIEN\BTNhom20_Nhom09\DoAnCTDLDL\thuvien.cpp(598,5): error C4996: 'strcpy': This function or variable may be unsafe. Consider using strcpy_s instead. To disable deprecation, use _CRT_SECURE_NO_WARNINGS. See online help for details.
C:\Users\Admin\Documents\MEGAsync\môn học 2021\CẤU TRÚC DỮ LIỆU\BT_giuaki\QUANLYNHANVIEN\BTNhom20_Nhom09\DoAnCTDLDL\thuvien.cpp(655,31): error C3861: 'passwordInput': identifier not found
C:\Users\Admin\Documents\MEGAsync\môn học 2021\CẤU TRÚC DỮ LIỆU\BT_giuaki\QUANLYNHANVIEN\BTNhom20_Nhom09\DoAnCTDLDL\thuvien.cpp(660,27): error C3861: 'passwordInput': identifier not found
C:\Users\Admin\Documents\MEGAsync\môn học 2021\CẤU TRÚC DỮ LIỆU\BT_giuaki\QUANLYNHANVIEN\BTNhom20_Nhom09\DoAnCTDLDL\thuvien.cpp(664,31): error C3861: 'passwordInput': identifier not found
C:\Users\Admin\Documents\MEGAsync\môn học 2021\CẤU TRÚC DỮ LIỆU\BT_giuaki\QUANLYNHANVIEN\BTNhom20_Nhom09\DoAnCTDLDL\thuvien.cpp(683,9): error C4996: 'getch': The POSIX name for this item is deprecated. Instead, use the ISO C and C++ conformant name: _getch. See online help for details.
C:\Users\Admin\Documents\MEGAsync\môn học 2021\CẤU TRÚC DỮ LIỆU\BT_giuaki\QUANLYNHANVIEN\BTNhom20_Nhom09\DoAnCTDLDL\thuvien.cpp(749,29): error C4996: 'getch': The POSIX name for this item is deprecated. Instead, use the ISO C and C++ conformant name: _getch. See online help for details.
C:\Users\Admin\Documents\MEGAsync\môn học 2021\CẤU TRÚC DỮ LIỆU\BT_giuaki\QUANLYNHANVIEN\BTNhom20_Nhom09\DoAnCTDLDL\thuvien.cpp(775,33): error C4996: 'getch': The POSIX name for this item is deprecated. Instead, use the ISO C and C++ conformant name: _getch. See online help for details.
C:\Users\Admin\Documents\MEGAsync\môn học 2021\CẤU TRÚC DỮ LIỆU\BT_giuaki\QUANLYNHANVIEN\BTNhom20_Nhom09\DoAnCTDLDL\thuvien.cpp(780,33): error C4996: 'getch': The POSIX name for this item is deprecated. Instead, use the ISO C and C++ conformant name: _getch. See online help for details.
C:\Users\Admin\Documents\MEGAsync\môn học 2021\CẤU TRÚC DỮ LIỆU\BT_giuaki\QUANLYNHANVIEN\BTNhom20_Nhom09\DoAnCTDLDL\thuvien.cpp(808,33): error C4996: 'getch': The POSIX name for this item is deprecated. Instead, use the ISO C and C++ conformant name: _getch. See online help for details.
C:\Users\Admin\Documents\MEGAsync\môn học 2021\CẤU TRÚC DỮ LIỆU\BT_giuaki\QUANLYNHANVIEN\BTNhom20_Nhom09\DoAnCTDLDL\thuvien.cpp(813,33): error C4996: 'getch': The POSIX name for this item is deprecated. Instead, use the ISO C and C++ conformant name: _getch. See online help for details.
C:\Users\Admin\Documents\MEGAsync\môn học 2021\CẤU TRÚC DỮ LIỆU\BT_giuaki\QUANLYNHANVIEN\BTNhom20_Nhom09\DoAnCTDLDL\thuvien.cpp(819,29): error C4996: 'getch': The POSIX name for this item is deprecated. Instead, use the ISO C and C++ conformant name: _getch. See online help for details.
C:\Users\Admin\Documents\MEGAsync\môn học 2021\CẤU TRÚC DỮ LIỆU\BT_giuaki\QUANLYNHANVIEN\BTNhom20_Nhom09\DoAnCTDLDL\thuvien.cpp(824,29): error C4996: 'getch': The POSIX name for this item is deprecated. Instead, use the ISO C and C++ conformant name: _getch. See online help for details.
C:\Users\Admin\Documents\MEGAsync\môn học 2021\CẤU TRÚC DỮ LIỆU\BT_giuaki\QUANLYNHANVIEN\BTNhom20_Nhom09\DoAnCTDLDL\thuvien.cpp(835,29): error C4996: 'getch': The POSIX name for this item is deprecated. Instead, use the ISO C and C++ conformant name: _getch. See online help for details.
C:\Users\Admin\Documents\MEGAsync\môn học 2021\CẤU TRÚC DỮ LIỆU\BT_giuaki\QUANLYNHANVIEN\BTNhom20_Nhom09\DoAnCTDLDL\thuvien.cpp(849,21): error C4996: 'getch': The POSIX name for this item is deprecated. Instead, use the ISO C and C++ conformant name: _getch. See online help for details.
C:\Users\Admin\Documents\MEGAsync\môn học 2021\CẤU TRÚC DỮ LIỆU\BT_giuaki\QUANLYNHANVIEN\BTNhom20_Nhom09\DoAnCTDLDL\thuvien.cpp(854,17): error C4996: 'getch': The POSIX name for this item is deprecated. Instead, use the ISO C and C++ conformant name: _getch. See online help for details.
C:\Users\Admin\Documents\MEGAsync\môn học 2021\CẤU TRÚC DỮ LIỆU\BT_giuaki\QUANLYNHANVIEN\BTNhom20_Nhom09\DoAnCTDLDL\thuvien.cpp(873,21): error C4996: 'getch': The POSIX name for this item is deprecated. Instead, use the ISO C and C++ conformant name: _getch. See online help for details.
C:\Users\Admin\Documents\MEGAsync\môn học 2021\CẤU TRÚC DỮ LIỆU\BT_giuaki\QUANLYNHANVIEN\BTNhom20_Nhom09\DoAnCTDLDL\thuvien.cpp(878,25): error C4996: 'getch': The POSIX name for this item is deprecated. Instead, use the ISO C and C++ conformant name: _getch. See online help for details.
C:\Users\Admin\Documents\MEGAsync\môn học 2021\CẤU TRÚC DỮ LIỆU\BT_giuaki\QUANLYNHANVIEN\BTNhom20_Nhom09\DoAnCTDLDL\thuvien.cpp(881,25): error C4996: 'getch': The POSIX name for this item is deprecated. Instead, use the ISO C and C++ conformant name: _getch. See online help for details.
C:\Users\Admin\Documents\MEGAsync\môn học 2021\CẤU TRÚC DỮ LIỆU\BT_giuaki\QUANLYNHANVIEN\BTNhom20_Nhom09\DoAnCTDLDL\thuvien.cpp(914,29): error C4996: 'getch': The POSIX name for this item is deprecated. Instead, use the ISO C and C++ conformant name: _getch. See online help for details.
C:\Users\Admin\Documents\MEGAsync\môn học 2021\CẤU TRÚC DỮ LIỆU\BT_giuaki\QUANLYNHANVIEN\BTNhom20_Nhom09\DoAnCTDLDL\thuvien.cpp(925,29): error C4996: 'getch': The POSIX name for this item is deprecated. Instead, use the ISO C and C++ conformant name: _getch. See online help for details.
C:\Users\Admin\Documents\MEGAsync\môn học 2021\CẤU TRÚC DỮ LIỆU\BT_giuaki\QUANLYNHANVIEN\BTNhom20_Nhom09\DoAnCTDLDL\thuvien.cpp(938,21): error C4996: 'getch': The POSIX name for this item is deprecated. Instead, use the ISO C and C++ conformant name: _getch. See online help for details.
C:\Users\Admin\Documents\MEGAsync\môn học 2021\CẤU TRÚC DỮ LIỆU\BT_giuaki\QUANLYNHANVIEN\BTNhom20_Nhom09\DoAnCTDLDL\thuvien.cpp(943,17): error C4996: 'getch': The POSIX name for this item is deprecated. Instead, use the ISO C and C++ conformant name: _getch. See online help for details.
C:\Users\Admin\Documents\MEGAsync\môn học 2021\CẤU TRÚC DỮ LIỆU\BT_giuaki\QUANLYNHANVIEN\BTNhom20_Nhom09\DoAnCTDLDL\thuvien.cpp(951,6): error C2084: function 'void textcolor(WORD)' already has a body
C:\Users\Admin\Documents\MEGAsync\môn học 2021\CẤU TRÚC DỮ LIỆU\BT_giuaki\QUANLYNHANVIEN\BTNhom20_Nhom09\DoAnCTDLDL\User.h(114): message : see previous definition of 'textcolor'
C:\Users\Admin\Documents\MEGAsync\môn học 2021\CẤU TRÚC DỮ LIỆU\BT_giuaki\QUANLYNHANVIEN\BTNhom20_Nhom09\DoAnCTDLDL\thuvien.cpp(972,23): error C4996: 'getch': The POSIX name for this item is deprecated. Instead, use the ISO C and C++ conformant name: _getch. See online help for details.
  User.cpp
C:\Users\Admin\Documents\MEGAsync\môn học 2021\CẤU TRÚC DỮ LIỆU\BT_giuaki\QUANLYNHANVIEN\BTNhom20_Nhom09\DoAnCTDLDL\User.h(59,9): error C4996: 'strcpy': This function or variable may be unsafe. Consider using strcpy_s instead. To disable deprecation, use _CRT_SECURE_NO_WARNINGS. See online help for details.
C:\Users\Admin\Documents\MEGAsync\môn học 2021\CẤU TRÚC DỮ LIỆU\BT_giuaki\QUANLYNHANVIEN\BTNhom20_Nhom09\DoAnCTDLDL\User.h(70,9): error C4996: 'strcpy': This function or variable may be unsafe. Consider using strcpy_s instead. To disable deprecation, use _CRT_SECURE_NO_WARNINGS. See online help for details.
C:\Users\Admin\Documents\MEGAsync\môn học 2021\CẤU TRÚC DỮ LIỆU\BT_giuaki\QUANLYNHANVIEN\BTNhom20_Nhom09\DoAnCTDLDL\User.h(90,9): error C4996: 'strcpy': This function or variable may be unsafe. Consider using strcpy_s instead. To disable deprecation, use _CRT_SECURE_NO_WARNINGS. See online help for details.
C:\Users\Admin\Documents\MEGAsync\môn học 2021\CẤU TRÚC DỮ LIỆU\BT_giuaki\QUANLYNHANVIEN\BTNhom20_Nhom09\DoAnCTDLDL\User.h(95,9): error C3861: 'textcolor': identifier not found
C:\Users\Admin\Documents\MEGAsync\môn học 2021\CẤU TRÚC DỮ LIỆU\BT_giuaki\QUANLYNHANVIEN\BTNhom20_Nhom09\DoAnCTDLDL\User.h(98,9): error C3861: 'textcolor': identifier not found
C:\Users\Admin\Documents\MEGAsync\môn học 2021\CẤU TRÚC DỮ LIỆU\BT_giuaki\QUANLYNHANVIEN\BTNhom20_Nhom09\DoAnCTDLDL\User.h(100,9): error C3861: 'textcolor': identifier not found
C:\Users\Admin\Documents\MEGAsync\môn học 2021\CẤU TRÚC DỮ LIỆU\BT_giuaki\QUANLYNHANVIEN\BTNhom20_Nhom09\DoAnCTDLDL\User.h(102,9): error C3861: 'textcolor': identifier not found
C:\Users\Admin\Documents\MEGAsync\môn học 2021\CẤU TRÚC DỮ LIỆU\BT_giuaki\QUANLYNHANVIEN\BTNhom20_Nhom09\DoAnCTDLDL\User.h(104,9): error C3861: 'textcolor': identifier not found
C:\Users\Admin\Documents\MEGAsync\môn học 2021\CẤU TRÚC DỮ LIỆU\BT_giuaki\QUANLYNHANVIEN\BTNhom20_Nhom09\DoAnCTDLDL\User.h(106,9): error C3861: 'textcolor': identifier not found
C:\Users\Admin\Documents\MEGAsync\môn học 2021\CẤU TRÚC DỮ LIỆU\BT_giuaki\QUANLYNHANVIEN\BTNhom20_Nhom09\DoAnCTDLDL\User.h(108,9): error C3861: 'textcolor': identifier not found
C:\Users\Admin\Documents\MEGAsync\môn học 2021\CẤU TRÚC DỮ LIỆU\BT_giuaki\QUANLYNHANVIEN\BTNhom20_Nhom09\DoAnCTDLDL\User.h(110,9): error C3861: 'textcolor': identifier not found
  Generating Code...
